<?xml version="1.0" encoding="UTF-8"?>
<!-- Generated by org.testng.reporters.JUnitXMLReporter -->
<testsuite ignored="0" hostname="TRANSLATR-V2" failures="1" tests="1" name="TapTasty" time="0.027" errors="0" timestamp="2024-03-19T20:12:22 EET">
  <testcase classname="tests.Test_Adauga_Adresa" name="fisa_test" time="0.0">
    <failure type="org.testng.TestNGException" message="
Parameter &amp;apos;username&amp;apos; is required by @Test on method fisa_test but has not been marked @Optional or defined
in C:\Users\GG\AppData\Local\JetBrains\IdeaIC2023.3\temp-testng-customsuite.xml">
      <![CDATA[org.testng.TestNGException: 
Parameter 'username' is required by @Test on method fisa_test but has not been marked @Optional or defined
in C:\Users\GG\AppData\Local\JetBrains\IdeaIC2023.3\temp-testng-customsuite.xml
at java.base/java.util.ArrayList.forEach(ArrayList.java:1596)
at com.intellij.rt.testng.IDEARemoteTestNG.run(IDEARemoteTestNG.java:65)
at com.intellij.rt.testng.RemoteTestNGStarter.main(RemoteTestNGStarter.java:105)
... Removed 23 stack frames]]>
    </failure>
  </testcase> <!-- fisa_test -->
</testsuite> <!-- TapTasty -->
