<html>
<head>
<title>TestNG:  Smoke Test</title>
<link href="../testng.css" rel="stylesheet" type="text/css" />
<link href="../my-testng.css" rel="stylesheet" type="text/css" />

<style type="text/css">
.log { display: none;} 
.stack-trace { display: none;} 
</style>
<script type="text/javascript">
<!--
function flip(e) {
  current = e.style.display;
  if (current == 'block') {
    e.style.display = 'none';
    return 0;
  }
  else {
    e.style.display = 'block';
    return 1;
  }
}

function toggleBox(szDivId, elem, msg1, msg2)
{
  var res = -1;  if (document.getElementById) {
    res = flip(document.getElementById(szDivId));
  }
  else if (document.all) {
    // this is the way old msie versions work
    res = flip(document.all[szDivId]);
  }
  if(elem) {
    if(res == 0) elem.innerHTML = msg1; else elem.innerHTML = msg2;
  }

}

function toggleAllBoxes() {
  if (document.getElementsByTagName) {
    d = document.getElementsByTagName('div');
    for (i = 0; i < d.length; i++) {
      if (d[i].className == 'log') {
        flip(d[i]);
      }
    }
  }
}

// -->
</script>

</head>
<body>
<h2 align='center'>Smoke Test</h2><table border='1' align="center">
<tr>
<td>Tests passed/Failed/Skipped:</td><td>3/1/0</td>
</tr><tr>
<td>Started on:</td><td>Tue Mar 19 20:15:36 EET 2024</td>
</tr>
<tr><td>Total time:</td><td>116 seconds (116863 ms)</td>
</tr><tr>
<td>Included groups:</td><td></td>
</tr><tr>
<td>Excluded groups:</td><td></td>
</tr>
</table><p/>
<small><i>(Hover the method name to see the test class name)</i></small><p/>
<table width='100%' border='1' class='invocation-failed'>
<tr><td colspan='4' align='center'><b>FAILED TESTS</b></td></tr>
<tr><td><b>Test method</b></td>
<td><b>Attribute(s)</b></td>
<td width="30%"><b>Exception</b></td>
<td width="10%"><b>Time (seconds)</b></td>
<td><b>Instance</b></td>
</tr>
<tr>
<td title='tests.Test_scrie_ne.fisa_test()'><b>fisa_test</b><br>Test class: tests.Test_scrie_ne<br>Test method: se testeaza functionalitatea obtiunii de Scrie-ne de feedback<br>Parameters: valicubalaurualb06@gmail.com, varzamurata666, varzamurata666</td>
<td><div><pre>org.openqa.selenium.TimeoutException: Expected condition failed: waiting for element to be clickable: [[ChromeDriver: chrome on windows (7ae08c0336af96d6a8cba2723a2271a0)] -&gt; xpath: //a[@class=&apos;link popup-close&apos;]//i[@class=&apos;icon icon-back&apos;]] (tried for 30 second(s) with 500 milliseconds interval)
Build info: version: &apos;4.18.1&apos;, revision: &apos;b1d3319b48&apos;
System info: os.name: &apos;Windows 11&apos;, os.arch: &apos;amd64&apos;, os.version: &apos;10.0&apos;, java.version: &apos;21.0.1&apos;
Driver info: org.openqa.selenium.chrome.ChromeDriver
Capabilities {acceptInsecureCerts: false, browserName: chrome, browserVersion: 122.0.6261.129, chrome: {chromedriverVersion: 122.0.6261.111 (9d4c1072da6..., userDataDir: C:\Users\GG\AppData\Local\T...}, fedcm:accounts: true, goog:chromeOptions: {debuggerAddress: localhost:55900}, networkConnectionEnabled: false, pageLoadStrategy: normal, platformName: windows, proxy: Proxy(), se:cdp: ws://localhost:55900/devtoo..., se:cdpVersion: 122.0.6261.129, setWindowRect: true, strictFileInteractability: false, timeouts: {implicit: 0, pageLoad: 300000, script: 30000}, unhandledPromptBehavior: dismiss and notify, webauthn:extension:credBlob: true, webauthn:extension:largeBlob: true, webauthn:extension:minPinLength: true, webauthn:extension:prf: true, webauthn:virtualAuthenticators: true}
Session ID: 7ae08c0336af96d6a8cba2723a2271a0
	at org.openqa.selenium.support.ui.WebDriverWait.timeoutException(WebDriverWait.java:84)
	at org.openqa.selenium.support.ui.FluentWait.until(FluentWait.java:228)
	at common.base.CommonMethods.clickable(CommonMethods.java:34)
	at common.base.CommonMethods.click(CommonMethods.java:25)
	at WebPage_xpaths_and_methods.Fisa_test_Scrie_ne.click_back_button_locatie_tab(Fisa_test_Scrie_ne.java:22)
	at tests.Test_scrie_ne.fisa_test(Test_scrie_ne.java:39)
	at java.base/java.util.ArrayList.forEach(ArrayList.java:1596)
	at com.intellij.rt.testng.IDEARemoteTestNG.run(IDEARemoteTestNG.java:65)
	at com.intellij.rt.testng.RemoteTestNGStarter.main(RemoteTestNGStarter.java:105)
... Removed 22 stack frames</pre></div><a href='#' onClick='toggleBox("stack-trace2056277810", this, "Click to show all stack frames", "Click to hide stack frames")'>Click to show all stack frames</a>
<div class='stack-trace' id='stack-trace2056277810'><pre>org.openqa.selenium.TimeoutException: Expected condition failed: waiting for element to be clickable: [[ChromeDriver: chrome on windows (7ae08c0336af96d6a8cba2723a2271a0)] -&gt; xpath: //a[@class=&apos;link popup-close&apos;]//i[@class=&apos;icon icon-back&apos;]] (tried for 30 second(s) with 500 milliseconds interval)
Build info: version: &apos;4.18.1&apos;, revision: &apos;b1d3319b48&apos;
System info: os.name: &apos;Windows 11&apos;, os.arch: &apos;amd64&apos;, os.version: &apos;10.0&apos;, java.version: &apos;21.0.1&apos;
Driver info: org.openqa.selenium.chrome.ChromeDriver
Capabilities {acceptInsecureCerts: false, browserName: chrome, browserVersion: 122.0.6261.129, chrome: {chromedriverVersion: 122.0.6261.111 (9d4c1072da6..., userDataDir: C:\Users\GG\AppData\Local\T...}, fedcm:accounts: true, goog:chromeOptions: {debuggerAddress: localhost:55900}, networkConnectionEnabled: false, pageLoadStrategy: normal, platformName: windows, proxy: Proxy(), se:cdp: ws://localhost:55900/devtoo..., se:cdpVersion: 122.0.6261.129, setWindowRect: true, strictFileInteractability: false, timeouts: {implicit: 0, pageLoad: 300000, script: 30000}, unhandledPromptBehavior: dismiss and notify, webauthn:extension:credBlob: true, webauthn:extension:largeBlob: true, webauthn:extension:minPinLength: true, webauthn:extension:prf: true, webauthn:virtualAuthenticators: true}
Session ID: 7ae08c0336af96d6a8cba2723a2271a0
	at org.openqa.selenium.support.ui.WebDriverWait.timeoutException(WebDriverWait.java:84)
	at org.openqa.selenium.support.ui.FluentWait.until(FluentWait.java:228)
	at common.base.CommonMethods.clickable(CommonMethods.java:34)
	at common.base.CommonMethods.click(CommonMethods.java:25)
	at WebPage_xpaths_and_methods.Fisa_test_Scrie_ne.click_back_button_locatie_tab(Fisa_test_Scrie_ne.java:22)
	at tests.Test_scrie_ne.fisa_test(Test_scrie_ne.java:39)
	at java.base/jdk.internal.reflect.DirectMethodHandleAccessor.invoke(DirectMethodHandleAccessor.java:103)
	at java.base/java.lang.reflect.Method.invoke(Method.java:580)
	at org.testng.internal.invokers.MethodInvocationHelper.invokeMethod(MethodInvocationHelper.java:139)
	at org.testng.internal.invokers.TestInvoker.invokeMethod(TestInvoker.java:664)
	at org.testng.internal.invokers.TestInvoker.invokeTestMethod(TestInvoker.java:228)
	at org.testng.internal.invokers.MethodRunner.runInSequence(MethodRunner.java:63)
	at org.testng.internal.invokers.TestInvoker$MethodInvocationAgent.invoke(TestInvoker.java:961)
	at org.testng.internal.invokers.TestInvoker.invokeTestMethods(TestInvoker.java:201)
	at org.testng.internal.invokers.TestMethodWorker.invokeTestMethods(TestMethodWorker.java:148)
	at org.testng.internal.invokers.TestMethodWorker.run(TestMethodWorker.java:128)
	at java.base/java.util.ArrayList.forEach(ArrayList.java:1596)
	at org.testng.TestRunner.privateRun(TestRunner.java:819)
	at org.testng.TestRunner.run(TestRunner.java:619)
	at org.testng.SuiteRunner.runTest(SuiteRunner.java:443)
	at org.testng.SuiteRunner.runSequentially(SuiteRunner.java:437)
	at org.testng.SuiteRunner.privateRun(SuiteRunner.java:397)
	at org.testng.SuiteRunner.run(SuiteRunner.java:336)
	at org.testng.SuiteRunnerWorker.runSuite(SuiteRunnerWorker.java:52)
	at org.testng.SuiteRunnerWorker.run(SuiteRunnerWorker.java:95)
	at org.testng.TestNG.runSuitesSequentially(TestNG.java:1301)
	at org.testng.TestNG.runSuitesLocally(TestNG.java:1228)
	at org.testng.TestNG.runSuites(TestNG.java:1134)
	at org.testng.TestNG.run(TestNG.java:1101)
	at com.intellij.rt.testng.IDEARemoteTestNG.run(IDEARemoteTestNG.java:65)
	at com.intellij.rt.testng.RemoteTestNGStarter.main(RemoteTestNGStarter.java:105)
</pre></div></td>
<td>49</td>
<td>tests.Test_scrie_ne@7d64e326</td></tr>
</table><p>
<table width='100%' border='1' class='invocation-passed'>
<tr><td colspan='4' align='center'><b>PASSED TESTS</b></td></tr>
<tr><td><b>Test method</b></td>
<td><b>Attribute(s)</b></td>
<td width="30%"><b>Exception</b></td>
<td width="10%"><b>Time (seconds)</b></td>
<td><b>Instance</b></td>
</tr>
<tr>
<td title='tests.TestLogin.login_email_and_password()'><b>login_email_and_password</b><br>Test class: tests.TestLogin<br>Test method: in aceasta metoda se verifica scenariul de login cu email si parola<br>Parameters: valicubalaurualb06@gmail.com, varzamurata666</td>
<td></td>
<td>8</td>
<td>tests.TestLogin@79d94571</td></tr>
<tr>
<td title='tests.Test_Adauga_Adresa.fisa_test()'><b>fisa_test</b><br>Test class: tests.Test_Adauga_Adresa<br>Test method: se testeaza functionalitatea -Adresele mele- din tabul -Cont-. Se adauga o noua adresa<br>Parameters: valicubalaurualb06@gmail.com, varzamurata666, Adresa test cea frumoasa, Strada cu fata lunga, 5f, 4g, Caineni, Amuitat, kojhgfkjhgffghjklliuytyhjk</td>
<td></td>
<td>32</td>
<td>tests.Test_Adauga_Adresa@13f95696</td></tr>
<tr>
<td title='tests.Test_Descarca_datele_personale.login_email_and_password()'><b>login_email_and_password</b><br>Test class: tests.Test_Descarca_datele_personale<br>Test method: In acest scenariu se verifica fisa de test cu titlul: Regression Testing Cont : Descarca datele personale <br>Parameters: valicubalaurualb06@gmail.com, varzamurata666</td>
<td></td>
<td>17</td>
<td>tests.Test_Descarca_datele_personale@73a2e526</td></tr>
</table><p>
</body>
</html>